<?xml version="1.0" encoding="UTF-8"?>
<testsuite xmlns:xsi="http://www.w3.org/2001/XMLSchema-instance" xsi:noNamespaceSchemaLocation="https://maven.apache.org/surefire/maven-surefire-plugin/xsd/surefire-test-report.xsd" name="TestRCache" time="0.689" tests="2" errors="0" skipped="0" failures="0">
  <properties>
    <property name="sun.desktop" value="gnome"/>
    <property name="awt.toolkit" value="sun.awt.X11.XToolkit"/>
    <property name="file.encoding.pkg" value="sun.io"/>
    <property name="java.specification.version" value="1.8"/>
    <property name="sun.cpu.isalist" value=""/>
    <property name="sun.jnu.encoding" value="UTF-8"/>
    <property name="java.class.path" value="/home/cxx/Tools/RCache/target/test-classes:/home/cxx/Tools/RCache/target/classes:/home/cxx/.m2/repository/org/apache/hadoop/hadoop-hdfs/2.7.7/hadoop-hdfs-2.7.7.jar:/home/cxx/.m2/repository/com/google/guava/guava/11.0.2/guava-11.0.2.jar:/home/cxx/.m2/repository/org/mortbay/jetty/jetty/6.1.26/jetty-6.1.26.jar:/home/cxx/.m2/repository/org/mortbay/jetty/jetty-util/6.1.26/jetty-util-6.1.26.jar:/home/cxx/.m2/repository/com/sun/jersey/jersey-server/1.9/jersey-server-1.9.jar:/home/cxx/.m2/repository/asm/asm/3.1/asm-3.1.jar:/home/cxx/.m2/repository/commons-cli/commons-cli/1.2/commons-cli-1.2.jar:/home/cxx/.m2/repository/commons-codec/commons-codec/1.4/commons-codec-1.4.jar:/home/cxx/.m2/repository/commons-io/commons-io/2.4/commons-io-2.4.jar:/home/cxx/.m2/repository/commons-lang/commons-lang/2.6/commons-lang-2.6.jar:/home/cxx/.m2/repository/commons-logging/commons-logging/1.1.3/commons-logging-1.1.3.jar:/home/cxx/.m2/repository/commons-daemon/commons-daemon/1.0.13/commons-daemon-1.0.13.jar:/home/cxx/.m2/repository/log4j/log4j/1.2.17/log4j-1.2.17.jar:/home/cxx/.m2/repository/com/google/protobuf/protobuf-java/2.5.0/protobuf-java-2.5.0.jar:/home/cxx/.m2/repository/javax/servlet/servlet-api/2.5/servlet-api-2.5.jar:/home/cxx/.m2/repository/org/codehaus/jackson/jackson-core-asl/1.9.13/jackson-core-asl-1.9.13.jar:/home/cxx/.m2/repository/org/codehaus/jackson/jackson-mapper-asl/1.9.13/jackson-mapper-asl-1.9.13.jar:/home/cxx/.m2/repository/xmlenc/xmlenc/0.52/xmlenc-0.52.jar:/home/cxx/.m2/repository/io/netty/netty/3.6.2.Final/netty-3.6.2.Final.jar:/home/cxx/.m2/repository/io/netty/netty-all/4.0.23.Final/netty-all-4.0.23.Final.jar:/home/cxx/.m2/repository/xerces/xercesImpl/2.9.1/xercesImpl-2.9.1.jar:/home/cxx/.m2/repository/xml-apis/xml-apis/1.3.04/xml-apis-1.3.04.jar:/home/cxx/.m2/repository/org/apache/htrace/htrace-core/3.1.0-incubating/htrace-core-3.1.0-incubating.jar:/home/cxx/.m2/repository/org/fusesource/leveldbjni/leveldbjni-all/1.8/leveldbjni-all-1.8.jar:/home/cxx/.m2/repository/org/apache/hadoop/hadoop-client/2.7.7/hadoop-client-2.7.7.jar:/home/cxx/.m2/repository/org/apache/hadoop/hadoop-mapreduce-client-app/2.7.7/hadoop-mapreduce-client-app-2.7.7.jar:/home/cxx/.m2/repository/org/apache/hadoop/hadoop-mapreduce-client-common/2.7.7/hadoop-mapreduce-client-common-2.7.7.jar:/home/cxx/.m2/repository/org/apache/hadoop/hadoop-yarn-client/2.7.7/hadoop-yarn-client-2.7.7.jar:/home/cxx/.m2/repository/org/apache/hadoop/hadoop-yarn-server-common/2.7.7/hadoop-yarn-server-common-2.7.7.jar:/home/cxx/.m2/repository/org/apache/hadoop/hadoop-mapreduce-client-shuffle/2.7.7/hadoop-mapreduce-client-shuffle-2.7.7.jar:/home/cxx/.m2/repository/org/apache/hadoop/hadoop-yarn-api/2.7.7/hadoop-yarn-api-2.7.7.jar:/home/cxx/.m2/repository/org/apache/hadoop/hadoop-mapreduce-client-jobclient/2.7.7/hadoop-mapreduce-client-jobclient-2.7.7.jar:/home/cxx/.m2/repository/org/apache/hadoop/hadoop-annotations/2.7.7/hadoop-annotations-2.7.7.jar:/home/cxx/.m2/repository/org/apache/hadoop/hadoop-common/2.7.7/hadoop-common-2.7.7.jar:/home/cxx/.m2/repository/org/apache/commons/commons-math3/3.1.1/commons-math3-3.1.1.jar:/home/cxx/.m2/repository/commons-httpclient/commons-httpclient/3.1/commons-httpclient-3.1.jar:/home/cxx/.m2/repository/commons-net/commons-net/3.1/commons-net-3.1.jar:/home/cxx/.m2/repository/commons-collections/commons-collections/3.2.2/commons-collections-3.2.2.jar:/home/cxx/.m2/repository/org/mortbay/jetty/jetty-sslengine/6.1.26/jetty-sslengine-6.1.26.jar:/home/cxx/.m2/repository/javax/servlet/jsp/jsp-api/2.1/jsp-api-2.1.jar:/home/cxx/.m2/repository/com/sun/jersey/jersey-json/1.9/jersey-json-1.9.jar:/home/cxx/.m2/repository/org/codehaus/jettison/jettison/1.1/jettison-1.1.jar:/home/cxx/.m2/repository/com/sun/xml/bind/jaxb-impl/2.2.3-1/jaxb-impl-2.2.3-1.jar:/home/cxx/.m2/repository/org/codehaus/jackson/jackson-jaxrs/1.8.3/jackson-jaxrs-1.8.3.jar:/home/cxx/.m2/repository/org/codehaus/jackson/jackson-xc/1.8.3/jackson-xc-1.8.3.jar:/home/cxx/.m2/repository/net/java/dev/jets3t/jets3t/0.9.0/jets3t-0.9.0.jar:/home/cxx/.m2/repository/org/apache/httpcomponents/httpclient/4.1.2/httpclient-4.1.2.jar:/home/cxx/.m2/repository/org/apache/httpcomponents/httpcore/4.1.2/httpcore-4.1.2.jar:/home/cxx/.m2/repository/com/jamesmurty/utils/java-xmlbuilder/0.4/java-xmlbuilder-0.4.jar:/home/cxx/.m2/repository/commons-configuration/commons-configuration/1.6/commons-configuration-1.6.jar:/home/cxx/.m2/repository/commons-digester/commons-digester/1.8/commons-digester-1.8.jar:/home/cxx/.m2/repository/commons-beanutils/commons-beanutils/1.7.0/commons-beanutils-1.7.0.jar:/home/cxx/.m2/repository/commons-beanutils/commons-beanutils-core/1.8.0/commons-beanutils-core-1.8.0.jar:/home/cxx/.m2/repository/org/slf4j/slf4j-api/1.7.10/slf4j-api-1.7.10.jar:/home/cxx/.m2/repository/org/apache/avro/avro/1.7.4/avro-1.7.4.jar:/home/cxx/.m2/repository/com/thoughtworks/paranamer/paranamer/2.3/paranamer-2.3.jar:/home/cxx/.m2/repository/org/xerial/snappy/snappy-java/1.0.4.1/snappy-java-1.0.4.1.jar:/home/cxx/.m2/repository/com/google/code/gson/gson/2.2.4/gson-2.2.4.jar:/home/cxx/.m2/repository/org/apache/hadoop/hadoop-auth/2.7.7/hadoop-auth-2.7.7.jar:/home/cxx/.m2/repository/org/apache/directory/server/apacheds-kerberos-codec/2.0.0-M15/apacheds-kerberos-codec-2.0.0-M15.jar:/home/cxx/.m2/repository/org/apache/directory/server/apacheds-i18n/2.0.0-M15/apacheds-i18n-2.0.0-M15.jar:/home/cxx/.m2/repository/org/apache/directory/api/api-asn1-api/1.0.0-M20/api-asn1-api-1.0.0-M20.jar:/home/cxx/.m2/repository/org/apache/directory/api/api-util/1.0.0-M20/api-util-1.0.0-M20.jar:/home/cxx/.m2/repository/org/apache/curator/curator-framework/2.7.1/curator-framework-2.7.1.jar:/home/cxx/.m2/repository/com/jcraft/jsch/0.1.54/jsch-0.1.54.jar:/home/cxx/.m2/repository/org/apache/curator/curator-client/2.7.1/curator-client-2.7.1.jar:/home/cxx/.m2/repository/org/apache/curator/curator-recipes/2.7.1/curator-recipes-2.7.1.jar:/home/cxx/.m2/repository/com/google/code/findbugs/jsr305/3.0.0/jsr305-3.0.0.jar:/home/cxx/.m2/repository/org/apache/zookeeper/zookeeper/3.4.6/zookeeper-3.4.6.jar:/home/cxx/.m2/repository/org/apache/commons/commons-compress/1.4.1/commons-compress-1.4.1.jar:/home/cxx/.m2/repository/org/tukaani/xz/1.0/xz-1.0.jar:/home/cxx/.m2/repository/org/apache/hadoop/hadoop-mapreduce-client-core/2.7.7/hadoop-mapreduce-client-core-2.7.7.jar:/home/cxx/.m2/repository/org/apache/hadoop/hadoop-yarn-common/2.7.7/hadoop-yarn-common-2.7.7.jar:/home/cxx/.m2/repository/javax/xml/bind/jaxb-api/2.2.2/jaxb-api-2.2.2.jar:/home/cxx/.m2/repository/javax/xml/stream/stax-api/1.0-2/stax-api-1.0-2.jar:/home/cxx/.m2/repository/javax/activation/activation/1.1/activation-1.1.jar:/home/cxx/.m2/repository/com/sun/jersey/jersey-client/1.9/jersey-client-1.9.jar:/home/cxx/.m2/repository/com/google/inject/guice/3.0/guice-3.0.jar:/home/cxx/.m2/repository/javax/inject/javax.inject/1/javax.inject-1.jar:/home/cxx/.m2/repository/aopalliance/aopalliance/1.0/aopalliance-1.0.jar:/home/cxx/.m2/repository/com/sun/jersey/contribs/jersey-guice/1.9/jersey-guice-1.9.jar:/home/cxx/.m2/repository/com/google/inject/extensions/guice-servlet/3.0/guice-servlet-3.0.jar:/home/cxx/.m2/repository/org/slf4j/slf4j-log4j12/1.7.2/slf4j-log4j12-1.7.2.jar:/home/cxx/.m2/repository/junit/junit/4.11/junit-4.11.jar:/home/cxx/.m2/repository/org/hamcrest/hamcrest-core/1.3/hamcrest-core-1.3.jar:/home/cxx/.m2/repository/org/apache/mrunit/mrunit/1.1.0/mrunit-1.1.0-hadoop2.jar:/home/cxx/.m2/repository/org/mockito/mockito-core/1.9.5/mockito-core-1.9.5.jar:/home/cxx/.m2/repository/org/objenesis/objenesis/1.0/objenesis-1.0.jar:/home/cxx/.m2/repository/org/powermock/powermock-core/1.5.1/powermock-core-1.5.1.jar:/home/cxx/.m2/repository/org/powermock/powermock-reflect/1.5.1/powermock-reflect-1.5.1.jar:/home/cxx/.m2/repository/org/javassist/javassist/3.18.0-GA/javassist-3.18.0-GA.jar:/home/cxx/.m2/repository/org/powermock/powermock-api-mockito/1.5.1/powermock-api-mockito-1.5.1.jar:/home/cxx/.m2/repository/org/powermock/powermock-api-support/1.5.1/powermock-api-support-1.5.1.jar:/home/cxx/.m2/repository/org/powermock/powermock-module-junit4/1.5.1/powermock-module-junit4-1.5.1.jar:/home/cxx/.m2/repository/org/powermock/powermock-module-junit4-common/1.5.1/powermock-module-junit4-common-1.5.1.jar:/home/cxx/.m2/repository/org/junit/jupiter/junit-jupiter-api/5.4.0-M1/junit-jupiter-api-5.4.0-M1.jar:/home/cxx/.m2/repository/org/apiguardian/apiguardian-api/1.0.0/apiguardian-api-1.0.0.jar:/home/cxx/.m2/repository/org/opentest4j/opentest4j/1.1.1/opentest4j-1.1.1.jar:/home/cxx/.m2/repository/org/junit/platform/junit-platform-commons/1.4.0-M1/junit-platform-commons-1.4.0-M1.jar:/home/cxx/.m2/repository/org/hamcrest/hamcrest-all/1.3/hamcrest-all-1.3.jar:/home/cxx/.m2/repository/org/apache/hadoop/hadoop-test/1.2.1/hadoop-test-1.2.1.jar:/home/cxx/.m2/repository/org/apache/hadoop/hadoop-core/1.2.1/hadoop-core-1.2.1.jar:/home/cxx/.m2/repository/org/apache/commons/commons-math/2.1/commons-math-2.1.jar:/home/cxx/.m2/repository/tomcat/jasper-runtime/5.5.12/jasper-runtime-5.5.12.jar:/home/cxx/.m2/repository/tomcat/jasper-compiler/5.5.12/jasper-compiler-5.5.12.jar:/home/cxx/.m2/repository/org/mortbay/jetty/jsp-api-2.1/6.1.14/jsp-api-2.1-6.1.14.jar:/home/cxx/.m2/repository/org/mortbay/jetty/servlet-api-2.5/6.1.14/servlet-api-2.5-6.1.14.jar:/home/cxx/.m2/repository/org/mortbay/jetty/jsp-2.1/6.1.14/jsp-2.1-6.1.14.jar:/home/cxx/.m2/repository/ant/ant/1.6.5/ant-1.6.5.jar:/home/cxx/.m2/repository/commons-el/commons-el/1.0/commons-el-1.0.jar:/home/cxx/.m2/repository/hsqldb/hsqldb/1.8.0.10/hsqldb-1.8.0.10.jar:/home/cxx/.m2/repository/oro/oro/2.0.8/oro-2.0.8.jar:/home/cxx/.m2/repository/org/eclipse/jdt/core/3.1.1/core-3.1.1.jar:/home/cxx/.m2/repository/org/apache/ftpserver/ftplet-api/1.0.0/ftplet-api-1.0.0.jar:/home/cxx/.m2/repository/org/apache/mina/mina-core/2.0.0-M5/mina-core-2.0.0-M5.jar:/home/cxx/.m2/repository/org/apache/ftpserver/ftpserver-core/1.0.0/ftpserver-core-1.0.0.jar:/home/cxx/.m2/repository/org/apache/ftpserver/ftpserver-deprecated/1.0.0-M2/ftpserver-deprecated-1.0.0-M2.jar:/home/cxx/.m2/repository/com/sun/jersey/jersey-core/1.19.4/jersey-core-1.19.4.jar:/home/cxx/.m2/repository/javax/ws/rs/jsr311-api/1.1.1/jsr311-api-1.1.1.jar:"/>
    <property name="java.vm.vendor" value="Oracle Corporation"/>
    <property name="sun.arch.data.model" value="64"/>
    <property name="java.vendor.url" value="http://java.oracle.com/"/>
    <property name="user.timezone" value=""/>
    <property name="java.vm.specification.version" value="1.8"/>
    <property name="os.name" value="Linux"/>
    <property name="user.country" value="US"/>
    <property name="sun.java.launcher" value="SUN_STANDARD"/>
    <property name="sun.boot.library.path" value="/usr/lib/jvm/java-8-openjdk-amd64/jre/lib/amd64"/>
    <property name="sun.java.command" value="/home/cxx/Tools/RCache/target/surefire/surefirebooter7358283947877979530.jar /home/cxx/Tools/RCache/target/surefire 2019-01-23T14-48-56_803-jvmRun1 surefire5356601893282040973tmp surefire_05085114015175555342tmp"/>
    <property name="surefire.test.class.path" value="/home/cxx/Tools/RCache/target/test-classes:/home/cxx/Tools/RCache/target/classes:/home/cxx/.m2/repository/org/apache/hadoop/hadoop-hdfs/2.7.7/hadoop-hdfs-2.7.7.jar:/home/cxx/.m2/repository/com/google/guava/guava/11.0.2/guava-11.0.2.jar:/home/cxx/.m2/repository/org/mortbay/jetty/jetty/6.1.26/jetty-6.1.26.jar:/home/cxx/.m2/repository/org/mortbay/jetty/jetty-util/6.1.26/jetty-util-6.1.26.jar:/home/cxx/.m2/repository/com/sun/jersey/jersey-server/1.9/jersey-server-1.9.jar:/home/cxx/.m2/repository/asm/asm/3.1/asm-3.1.jar:/home/cxx/.m2/repository/commons-cli/commons-cli/1.2/commons-cli-1.2.jar:/home/cxx/.m2/repository/commons-codec/commons-codec/1.4/commons-codec-1.4.jar:/home/cxx/.m2/repository/commons-io/commons-io/2.4/commons-io-2.4.jar:/home/cxx/.m2/repository/commons-lang/commons-lang/2.6/commons-lang-2.6.jar:/home/cxx/.m2/repository/commons-logging/commons-logging/1.1.3/commons-logging-1.1.3.jar:/home/cxx/.m2/repository/commons-daemon/commons-daemon/1.0.13/commons-daemon-1.0.13.jar:/home/cxx/.m2/repository/log4j/log4j/1.2.17/log4j-1.2.17.jar:/home/cxx/.m2/repository/com/google/protobuf/protobuf-java/2.5.0/protobuf-java-2.5.0.jar:/home/cxx/.m2/repository/javax/servlet/servlet-api/2.5/servlet-api-2.5.jar:/home/cxx/.m2/repository/org/codehaus/jackson/jackson-core-asl/1.9.13/jackson-core-asl-1.9.13.jar:/home/cxx/.m2/repository/org/codehaus/jackson/jackson-mapper-asl/1.9.13/jackson-mapper-asl-1.9.13.jar:/home/cxx/.m2/repository/xmlenc/xmlenc/0.52/xmlenc-0.52.jar:/home/cxx/.m2/repository/io/netty/netty/3.6.2.Final/netty-3.6.2.Final.jar:/home/cxx/.m2/repository/io/netty/netty-all/4.0.23.Final/netty-all-4.0.23.Final.jar:/home/cxx/.m2/repository/xerces/xercesImpl/2.9.1/xercesImpl-2.9.1.jar:/home/cxx/.m2/repository/xml-apis/xml-apis/1.3.04/xml-apis-1.3.04.jar:/home/cxx/.m2/repository/org/apache/htrace/htrace-core/3.1.0-incubating/htrace-core-3.1.0-incubating.jar:/home/cxx/.m2/repository/org/fusesource/leveldbjni/leveldbjni-all/1.8/leveldbjni-all-1.8.jar:/home/cxx/.m2/repository/org/apache/hadoop/hadoop-client/2.7.7/hadoop-client-2.7.7.jar:/home/cxx/.m2/repository/org/apache/hadoop/hadoop-mapreduce-client-app/2.7.7/hadoop-mapreduce-client-app-2.7.7.jar:/home/cxx/.m2/repository/org/apache/hadoop/hadoop-mapreduce-client-common/2.7.7/hadoop-mapreduce-client-common-2.7.7.jar:/home/cxx/.m2/repository/org/apache/hadoop/hadoop-yarn-client/2.7.7/hadoop-yarn-client-2.7.7.jar:/home/cxx/.m2/repository/org/apache/hadoop/hadoop-yarn-server-common/2.7.7/hadoop-yarn-server-common-2.7.7.jar:/home/cxx/.m2/repository/org/apache/hadoop/hadoop-mapreduce-client-shuffle/2.7.7/hadoop-mapreduce-client-shuffle-2.7.7.jar:/home/cxx/.m2/repository/org/apache/hadoop/hadoop-yarn-api/2.7.7/hadoop-yarn-api-2.7.7.jar:/home/cxx/.m2/repository/org/apache/hadoop/hadoop-mapreduce-client-jobclient/2.7.7/hadoop-mapreduce-client-jobclient-2.7.7.jar:/home/cxx/.m2/repository/org/apache/hadoop/hadoop-annotations/2.7.7/hadoop-annotations-2.7.7.jar:/home/cxx/.m2/repository/org/apache/hadoop/hadoop-common/2.7.7/hadoop-common-2.7.7.jar:/home/cxx/.m2/repository/org/apache/commons/commons-math3/3.1.1/commons-math3-3.1.1.jar:/home/cxx/.m2/repository/commons-httpclient/commons-httpclient/3.1/commons-httpclient-3.1.jar:/home/cxx/.m2/repository/commons-net/commons-net/3.1/commons-net-3.1.jar:/home/cxx/.m2/repository/commons-collections/commons-collections/3.2.2/commons-collections-3.2.2.jar:/home/cxx/.m2/repository/org/mortbay/jetty/jetty-sslengine/6.1.26/jetty-sslengine-6.1.26.jar:/home/cxx/.m2/repository/javax/servlet/jsp/jsp-api/2.1/jsp-api-2.1.jar:/home/cxx/.m2/repository/com/sun/jersey/jersey-json/1.9/jersey-json-1.9.jar:/home/cxx/.m2/repository/org/codehaus/jettison/jettison/1.1/jettison-1.1.jar:/home/cxx/.m2/repository/com/sun/xml/bind/jaxb-impl/2.2.3-1/jaxb-impl-2.2.3-1.jar:/home/cxx/.m2/repository/org/codehaus/jackson/jackson-jaxrs/1.8.3/jackson-jaxrs-1.8.3.jar:/home/cxx/.m2/repository/org/codehaus/jackson/jackson-xc/1.8.3/jackson-xc-1.8.3.jar:/home/cxx/.m2/repository/net/java/dev/jets3t/jets3t/0.9.0/jets3t-0.9.0.jar:/home/cxx/.m2/repository/org/apache/httpcomponents/httpclient/4.1.2/httpclient-4.1.2.jar:/home/cxx/.m2/repository/org/apache/httpcomponents/httpcore/4.1.2/httpcore-4.1.2.jar:/home/cxx/.m2/repository/com/jamesmurty/utils/java-xmlbuilder/0.4/java-xmlbuilder-0.4.jar:/home/cxx/.m2/repository/commons-configuration/commons-configuration/1.6/commons-configuration-1.6.jar:/home/cxx/.m2/repository/commons-digester/commons-digester/1.8/commons-digester-1.8.jar:/home/cxx/.m2/repository/commons-beanutils/commons-beanutils/1.7.0/commons-beanutils-1.7.0.jar:/home/cxx/.m2/repository/commons-beanutils/commons-beanutils-core/1.8.0/commons-beanutils-core-1.8.0.jar:/home/cxx/.m2/repository/org/slf4j/slf4j-api/1.7.10/slf4j-api-1.7.10.jar:/home/cxx/.m2/repository/org/apache/avro/avro/1.7.4/avro-1.7.4.jar:/home/cxx/.m2/repository/com/thoughtworks/paranamer/paranamer/2.3/paranamer-2.3.jar:/home/cxx/.m2/repository/org/xerial/snappy/snappy-java/1.0.4.1/snappy-java-1.0.4.1.jar:/home/cxx/.m2/repository/com/google/code/gson/gson/2.2.4/gson-2.2.4.jar:/home/cxx/.m2/repository/org/apache/hadoop/hadoop-auth/2.7.7/hadoop-auth-2.7.7.jar:/home/cxx/.m2/repository/org/apache/directory/server/apacheds-kerberos-codec/2.0.0-M15/apacheds-kerberos-codec-2.0.0-M15.jar:/home/cxx/.m2/repository/org/apache/directory/server/apacheds-i18n/2.0.0-M15/apacheds-i18n-2.0.0-M15.jar:/home/cxx/.m2/repository/org/apache/directory/api/api-asn1-api/1.0.0-M20/api-asn1-api-1.0.0-M20.jar:/home/cxx/.m2/repository/org/apache/directory/api/api-util/1.0.0-M20/api-util-1.0.0-M20.jar:/home/cxx/.m2/repository/org/apache/curator/curator-framework/2.7.1/curator-framework-2.7.1.jar:/home/cxx/.m2/repository/com/jcraft/jsch/0.1.54/jsch-0.1.54.jar:/home/cxx/.m2/repository/org/apache/curator/curator-client/2.7.1/curator-client-2.7.1.jar:/home/cxx/.m2/repository/org/apache/curator/curator-recipes/2.7.1/curator-recipes-2.7.1.jar:/home/cxx/.m2/repository/com/google/code/findbugs/jsr305/3.0.0/jsr305-3.0.0.jar:/home/cxx/.m2/repository/org/apache/zookeeper/zookeeper/3.4.6/zookeeper-3.4.6.jar:/home/cxx/.m2/repository/org/apache/commons/commons-compress/1.4.1/commons-compress-1.4.1.jar:/home/cxx/.m2/repository/org/tukaani/xz/1.0/xz-1.0.jar:/home/cxx/.m2/repository/org/apache/hadoop/hadoop-mapreduce-client-core/2.7.7/hadoop-mapreduce-client-core-2.7.7.jar:/home/cxx/.m2/repository/org/apache/hadoop/hadoop-yarn-common/2.7.7/hadoop-yarn-common-2.7.7.jar:/home/cxx/.m2/repository/javax/xml/bind/jaxb-api/2.2.2/jaxb-api-2.2.2.jar:/home/cxx/.m2/repository/javax/xml/stream/stax-api/1.0-2/stax-api-1.0-2.jar:/home/cxx/.m2/repository/javax/activation/activation/1.1/activation-1.1.jar:/home/cxx/.m2/repository/com/sun/jersey/jersey-client/1.9/jersey-client-1.9.jar:/home/cxx/.m2/repository/com/google/inject/guice/3.0/guice-3.0.jar:/home/cxx/.m2/repository/javax/inject/javax.inject/1/javax.inject-1.jar:/home/cxx/.m2/repository/aopalliance/aopalliance/1.0/aopalliance-1.0.jar:/home/cxx/.m2/repository/com/sun/jersey/contribs/jersey-guice/1.9/jersey-guice-1.9.jar:/home/cxx/.m2/repository/com/google/inject/extensions/guice-servlet/3.0/guice-servlet-3.0.jar:/home/cxx/.m2/repository/org/slf4j/slf4j-log4j12/1.7.2/slf4j-log4j12-1.7.2.jar:/home/cxx/.m2/repository/junit/junit/4.11/junit-4.11.jar:/home/cxx/.m2/repository/org/hamcrest/hamcrest-core/1.3/hamcrest-core-1.3.jar:/home/cxx/.m2/repository/org/apache/mrunit/mrunit/1.1.0/mrunit-1.1.0-hadoop2.jar:/home/cxx/.m2/repository/org/mockito/mockito-core/1.9.5/mockito-core-1.9.5.jar:/home/cxx/.m2/repository/org/objenesis/objenesis/1.0/objenesis-1.0.jar:/home/cxx/.m2/repository/org/powermock/powermock-core/1.5.1/powermock-core-1.5.1.jar:/home/cxx/.m2/repository/org/powermock/powermock-reflect/1.5.1/powermock-reflect-1.5.1.jar:/home/cxx/.m2/repository/org/javassist/javassist/3.18.0-GA/javassist-3.18.0-GA.jar:/home/cxx/.m2/repository/org/powermock/powermock-api-mockito/1.5.1/powermock-api-mockito-1.5.1.jar:/home/cxx/.m2/repository/org/powermock/powermock-api-support/1.5.1/powermock-api-support-1.5.1.jar:/home/cxx/.m2/repository/org/powermock/powermock-module-junit4/1.5.1/powermock-module-junit4-1.5.1.jar:/home/cxx/.m2/repository/org/powermock/powermock-module-junit4-common/1.5.1/powermock-module-junit4-common-1.5.1.jar:/home/cxx/.m2/repository/org/junit/jupiter/junit-jupiter-api/5.4.0-M1/junit-jupiter-api-5.4.0-M1.jar:/home/cxx/.m2/repository/org/apiguardian/apiguardian-api/1.0.0/apiguardian-api-1.0.0.jar:/home/cxx/.m2/repository/org/opentest4j/opentest4j/1.1.1/opentest4j-1.1.1.jar:/home/cxx/.m2/repository/org/junit/platform/junit-platform-commons/1.4.0-M1/junit-platform-commons-1.4.0-M1.jar:/home/cxx/.m2/repository/org/hamcrest/hamcrest-all/1.3/hamcrest-all-1.3.jar:/home/cxx/.m2/repository/org/apache/hadoop/hadoop-test/1.2.1/hadoop-test-1.2.1.jar:/home/cxx/.m2/repository/org/apache/hadoop/hadoop-core/1.2.1/hadoop-core-1.2.1.jar:/home/cxx/.m2/repository/org/apache/commons/commons-math/2.1/commons-math-2.1.jar:/home/cxx/.m2/repository/tomcat/jasper-runtime/5.5.12/jasper-runtime-5.5.12.jar:/home/cxx/.m2/repository/tomcat/jasper-compiler/5.5.12/jasper-compiler-5.5.12.jar:/home/cxx/.m2/repository/org/mortbay/jetty/jsp-api-2.1/6.1.14/jsp-api-2.1-6.1.14.jar:/home/cxx/.m2/repository/org/mortbay/jetty/servlet-api-2.5/6.1.14/servlet-api-2.5-6.1.14.jar:/home/cxx/.m2/repository/org/mortbay/jetty/jsp-2.1/6.1.14/jsp-2.1-6.1.14.jar:/home/cxx/.m2/repository/ant/ant/1.6.5/ant-1.6.5.jar:/home/cxx/.m2/repository/commons-el/commons-el/1.0/commons-el-1.0.jar:/home/cxx/.m2/repository/hsqldb/hsqldb/1.8.0.10/hsqldb-1.8.0.10.jar:/home/cxx/.m2/repository/oro/oro/2.0.8/oro-2.0.8.jar:/home/cxx/.m2/repository/org/eclipse/jdt/core/3.1.1/core-3.1.1.jar:/home/cxx/.m2/repository/org/apache/ftpserver/ftplet-api/1.0.0/ftplet-api-1.0.0.jar:/home/cxx/.m2/repository/org/apache/mina/mina-core/2.0.0-M5/mina-core-2.0.0-M5.jar:/home/cxx/.m2/repository/org/apache/ftpserver/ftpserver-core/1.0.0/ftpserver-core-1.0.0.jar:/home/cxx/.m2/repository/org/apache/ftpserver/ftpserver-deprecated/1.0.0-M2/ftpserver-deprecated-1.0.0-M2.jar:/home/cxx/.m2/repository/com/sun/jersey/jersey-core/1.19.4/jersey-core-1.19.4.jar:/home/cxx/.m2/repository/javax/ws/rs/jsr311-api/1.1.1/jsr311-api-1.1.1.jar:"/>
    <property name="sun.cpu.endian" value="little"/>
    <property name="user.home" value="/home/cxx"/>
    <property name="user.language" value="en"/>
    <property name="java.specification.vendor" value="Oracle Corporation"/>
    <property name="java.home" value="/usr/lib/jvm/java-8-openjdk-amd64/jre"/>
    <property name="basedir" value="/home/cxx/Tools/RCache"/>
    <property name="file.separator" value="/"/>
    <property name="line.separator" value="&#10;"/>
    <property name="java.vm.specification.vendor" value="Oracle Corporation"/>
    <property name="java.specification.name" value="Java Platform API Specification"/>
    <property name="java.awt.graphicsenv" value="sun.awt.X11GraphicsEnvironment"/>
    <property name="surefire.real.class.path" value="/home/cxx/Tools/RCache/target/surefire/surefirebooter7358283947877979530.jar"/>
    <property name="sun.boot.class.path" value="/usr/lib/jvm/java-8-openjdk-amd64/jre/lib/resources.jar:/usr/lib/jvm/java-8-openjdk-amd64/jre/lib/rt.jar:/usr/lib/jvm/java-8-openjdk-amd64/jre/lib/sunrsasign.jar:/usr/lib/jvm/java-8-openjdk-amd64/jre/lib/jsse.jar:/usr/lib/jvm/java-8-openjdk-amd64/jre/lib/jce.jar:/usr/lib/jvm/java-8-openjdk-amd64/jre/lib/charsets.jar:/usr/lib/jvm/java-8-openjdk-amd64/jre/lib/jfr.jar:/usr/lib/jvm/java-8-openjdk-amd64/jre/classes"/>
    <property name="sun.management.compiler" value="HotSpot 64-Bit Tiered Compilers"/>
    <property name="java.runtime.version" value="1.8.0_191-8u191-b12-0ubuntu0.18.04.1-b12"/>
    <property name="user.name" value="cxx"/>
    <property name="path.separator" value=":"/>
    <property name="os.version" value="4.15.0-43-generic"/>
    <property name="java.endorsed.dirs" value="/usr/lib/jvm/java-8-openjdk-amd64/jre/lib/endorsed"/>
    <property name="java.runtime.name" value="OpenJDK Runtime Environment"/>
    <property name="file.encoding" value="UTF-8"/>
    <property name="java.vm.name" value="OpenJDK 64-Bit Server VM"/>
    <property name="localRepository" value="/home/cxx/.m2/repository"/>
    <property name="java.vendor.url.bug" value="http://bugreport.sun.com/bugreport/"/>
    <property name="java.io.tmpdir" value="/tmp"/>
    <property name="idea.version" value="2018.3.3"/>
    <property name="java.version" value="1.8.0_191"/>
    <property name="user.dir" value="/home/cxx/Tools/RCache"/>
    <property name="os.arch" value="amd64"/>
    <property name="java.vm.specification.name" value="Java Virtual Machine Specification"/>
    <property name="java.awt.printerjob" value="sun.print.PSPrinterJob"/>
    <property name="sun.os.patch.level" value="unknown"/>
    <property name="java.library.path" value="/usr/java/packages/lib/amd64:/usr/lib/x86_64-linux-gnu/jni:/lib/x86_64-linux-gnu:/usr/lib/x86_64-linux-gnu:/usr/lib/jni:/lib:/usr/lib"/>
    <property name="java.vm.info" value="mixed mode"/>
    <property name="java.vendor" value="Oracle Corporation"/>
    <property name="java.vm.version" value="25.191-b12"/>
    <property name="java.ext.dirs" value="/usr/lib/jvm/java-8-openjdk-amd64/jre/lib/ext:/usr/java/packages/lib/ext"/>
    <property name="sun.io.unicode.encoding" value="UnicodeLittle"/>
    <property name="java.class.version" value="52.0"/>
  </properties>
  <testcase name="flatCompute" classname="TestRCache" time="0.161"/>
  <testcase name="testCheckDirectives" classname="TestRCache" time="0.494"/>
</testsuite>